<?xml version="1.0" encoding="UTF-8"?>
<!-- Generated by org.testng.reporters.JUnitReportReporter -->
<testsuite hostname="imcvk" failures="0" tests="1" name="testClasses.NewUserCreationTest" time="2.887" errors="0" timestamp="2024-09-11T13:31:16 IST" skipped="0">
  <testcase classname="testClasses.NewUserCreationTest" name="validateNewUserCreationFlow" time="2.887"/>
</testsuite> <!-- testClasses.NewUserCreationTest -->
