<?xml version="1.0" encoding="UTF-8"?>
<!-- Generated by org.testng.reporters.JUnitReportReporter -->
<testsuite hostname="imcvk" failures="0" tests="1" name="testClasses.LoginTest" time="0.972" errors="0" timestamp="2024-09-11T13:31:16 IST" skipped="0">
  <testcase classname="testClasses.LoginTest" name="LoginFlowTest" time="0.972"/>
</testsuite> <!-- testClasses.LoginTest -->
